<?xml version="1.0" encoding="UTF-8"?>
<!-- Generated by org.testng.reporters.JUnitReportReporter -->
<testsuite skipped="0" hostname="BINGU-DL-PC" name="com.brighter.testexample.test1.GoogleTestCase" tests="2" failures="0" timestamp="25 Sep 2017 14:35:05 GMT" time="4.923" errors="0">
  <testcase name="getToAccountForm" time="4.707" classname="com.brighter.testexample.test1.GoogleTestCase"/>
  <testcase name="verifyForm" time="0.216" classname="com.brighter.testexample.test1.GoogleTestCase"/>
</testsuite> <!-- com.brighter.testexample.test1.GoogleTestCase -->
